Using pre-set license
Built from '2022.3/staging' branch; Version is '2022.3.15f1 (b58023a2b463) revision 11894819'; Using compiler version '192829333'; Build Type 'Release'
OS: 'Windows 11  (10.0.22631) 64bit Core' Language: 'en' Physical Memory: 16095 MB
BatchMode: 1, IsHumanControllingUs: 0, StartBugReporterOnCrash: 0, Is64bit: 1, IsPro: 1

COMMAND LINE ARGUMENTS:
C:\Program Files\Unity 2022.3.15f1\Editor\Unity.exe
-adb2
-batchMode
-noUpm
-name
AssetImportWorker2
-projectPath
D:/Gwent-Pro/Gwent pro
-logFile
Logs/AssetImportWorker2.log
-srvPort
58488
Successfully changed project path to: D:/Gwent-Pro/Gwent pro
D:/Gwent-Pro/Gwent pro
[UnityMemory] Configuration Parameters - Can be set up in boot.config
    "memorysetup-bucket-allocator-granularity=16"
    "memorysetup-bucket-allocator-bucket-count=8"
    "memorysetup-bucket-allocator-block-size=33554432"
    "memorysetup-bucket-allocator-block-count=8"
    "memorysetup-main-allocator-block-size=16777216"
    "memorysetup-thread-allocator-block-size=16777216"
    "memorysetup-gfx-main-allocator-block-size=16777216"
    "memorysetup-gfx-thread-allocator-block-size=16777216"
    "memorysetup-cache-allocator-block-size=4194304"
    "memorysetup-typetree-allocator-block-size=2097152"
    "memorysetup-profiler-bucket-allocator-granularity=16"
    "memorysetup-profiler-bucket-allocator-bucket-count=8"
    "memorysetup-profiler-bucket-allocator-block-size=33554432"
    "memorysetup-profiler-bucket-allocator-block-count=8"
    "memorysetup-profiler-allocator-block-size=16777216"
    "memorysetup-profiler-editor-allocator-block-size=1048576"
    "memorysetup-temp-allocator-size-main=16777216"
    "memorysetup-job-temp-allocator-block-size=2097152"
    "memorysetup-job-temp-allocator-block-size-background=1048576"
    "memorysetup-job-temp-allocator-reduction-small-platforms=262144"
    "memorysetup-allocator-temp-initial-block-size-main=262144"
    "memorysetup-allocator-temp-initial-block-size-worker=262144"
    "memorysetup-temp-allocator-size-background-worker=32768"
    "memorysetup-temp-allocator-size-job-worker=262144"
    "memorysetup-temp-allocator-size-preload-manager=33554432"
    "memorysetup-temp-allocator-size-nav-mesh-worker=65536"
    "memorysetup-temp-allocator-size-audio-worker=65536"
    "memorysetup-temp-allocator-size-cloud-worker=32768"
    "memorysetup-temp-allocator-size-gi-baking-worker=262144"
    "memorysetup-temp-allocator-size-gfx=262144"
Player connection [21308] Host "[IP] 10.6.121.147 [Port] 0 [Flags] 2 [Guid] 930787243 [EditorId] 930787243 [Version] 1048832 [Id] WindowsEditor(7,Sebastian) [Debug] 1 [PackageName] WindowsEditor [ProjectName] Editor" joined multi-casting on [225.0.0.222:54997]...

Player connection [21308] Host "[IP] 10.6.121.147 [Port] 0 [Flags] 2 [Guid] 930787243 [EditorId] 930787243 [Version] 1048832 [Id] WindowsEditor(7,Sebastian) [Debug] 1 [PackageName] WindowsEditor [ProjectName] Editor" joined alternative multi-casting on [225.0.0.222:34997]...

[Physics::Module] Initialized MultithreadedJobDispatcher with 11 workers.
Refreshing native plugins compatible for Editor in 11.72 ms, found 3 plugins.
Preloading 0 native plugins for Editor in 0.00 ms.
Initialize engine version: 2022.3.15f1 (b58023a2b463)
[Subsystems] Discovering subsystems at path C:/Program Files/Unity 2022.3.15f1/Editor/Data/Resources/UnitySubsystems
[Subsystems] Discovering subsystems at path D:/Gwent-Pro/Gwent pro/Assets
GfxDevice: creating device client; threaded=0; jobified=0
Direct3D:
    Version:  Direct3D 11.0 [level 11.1]
    Renderer: Intel(R) Iris(R) Xe Graphics (ID=0x46a8)
    Vendor:   Intel
    VRAM:     8047 MB
    Driver:   31.0.101.3889
Initialize mono
Mono path[0] = 'C:/Program Files/Unity 2022.3.15f1/Editor/Data/Managed'
Mono path[1] = 'C:/Program Files/Unity 2022.3.15f1/Editor/Data/MonoBleedingEdge/lib/mono/unityjit-win32'
Mono config path = 'C:/Program Files/Unity 2022.3.15f1/Editor/Data/MonoBleedingEdge/etc'
Using monoOptions --debugger-agent=transport=dt_socket,embedding=1,server=y,suspend=n,address=127.0.0.1:56292
Begin MonoManager ReloadAssembly
Registering precompiled unity dll's ...
Register platform support module: C:/Program Files/Unity 2022.3.15f1/Editor/Data/PlaybackEngines/AndroidPlayer/UnityEditor.Android.Extensions.dll
Register platform support module: C:/Program Files/Unity 2022.3.15f1/Editor/Data/PlaybackEngines/WindowsStandaloneSupport/UnityEditor.WindowsStandalone.Extensions.dll
Registered in 0.015452 seconds.
- Loaded All Assemblies, in  0.814 seconds
Native extension for WindowsStandalone target not found
Native extension for Android target not found
Mono: successfully reloaded assembly
- Finished resetting the current domain, in  0.688 seconds
Domain Reload Profiling: 1499ms
	BeginReloadAssembly (269ms)
		ExecutionOrderSort (0ms)
		DisableScriptedObjects (0ms)
		BackupInstance (0ms)
		ReleaseScriptingObjects (0ms)
		CreateAndSetChildDomain (2ms)
	RebuildCommonClasses (67ms)
	RebuildNativeTypeToScriptingClass (25ms)
	initialDomainReloadingComplete (138ms)
	LoadAllAssembliesAndSetupDomain (310ms)
		LoadAssemblies (267ms)
		RebuildTransferFunctionScriptingTraits (0ms)
		AnalyzeDomain (306ms)
			TypeCache.Refresh (303ms)
				TypeCache.ScanAssembly (274ms)
			ScanForSourceGeneratedMonoScriptInfo (1ms)
			ResolveRequiredComponents (1ms)
	FinalizeReload (689ms)
		ReleaseScriptCaches (0ms)
		RebuildScriptCaches (0ms)
		SetupLoadedEditorAssemblies (547ms)
			LogAssemblyErrors (0ms)
			InitializePlatformSupportModulesInManaged (187ms)
			SetLoadedEditorAssemblies (6ms)
			RefreshPlugins (0ms)
			BeforeProcessingInitializeOnLoad (5ms)
			ProcessInitializeOnLoadAttributes (250ms)
			ProcessInitializeOnLoadMethodAttributes (99ms)
			AfterProcessingInitializeOnLoad (0ms)
			EditorAssembliesLoaded (0ms)
		ExecutionOrderSort2 (0ms)
		AwakeInstancesAfterBackupRestoration (0ms)
========================================================================
Worker process is ready to serve import requests
Script is not up to date after domain reload: guid(8181ea28383904a4792b50e5c21f956b) path("Assets/GwentLibrary/GwentLibrary/Leader.cs") state(2)
Script is not up to date after domain reload: guid(27705e49008a9f045a9864ef52d33ca2) path("Assets/GwentLibrary/GwentLibrary/Player.cs") state(2)
Script is not up to date after domain reload: guid(5eba5a55991ed7646b5787d99319dc89) path("Assets/GwentLibrary/GwentLibrary/Battlefield.cs") state(2)
Script is not up to date after domain reload: guid(04cfde6d403eb684fb7ff5a8802cf79c) path("Assets/GwentLibrary/GwentLibrary/Weather.cs") state(2)
Script is not up to date after domain reload: guid(1b512f005ca95be43ab2e385a06b9870) path("Assets/GwentLibrary/GwentLibrary/Board.cs") state(2)
Script is not up to date after domain reload: guid(e42fb84b26b62de4cbc59b725fab27a1) path("Assets/GwentLibrary/GwentLibrary/Bonus.cs") state(2)
Script is not up to date after domain reload: guid(cd8930c6350d02d4fa6214a55f937e3b) path("Assets/GwentLibrary/GwentLibrary/Utils.cs") state(2)
Script is not up to date after domain reload: guid(8730ebd3b0383b64ea91098120c48ae3) path("Assets/GwentLibrary/GwentLibrary/Clear.cs") state(2)
Script is not up to date after domain reload: guid(742a14637200af142922f7f8e3aff90d) path("Assets/GwentLibrary/GwentLibrary/Unit.cs") state(2)
Script is not up to date after domain reload: guid(ae0e83a8038fd19428402b3a99451ebd) path("Assets/GwentLibrary/GwentLibrary/Effects.cs") state(2)
Script is not up to date after domain reload: guid(f0cd1a08793d1614284054dd1dd443c6) path("Assets/GwentLibrary/GwentLibrary/CardsWarehouse.cs") state(2)
Script is not up to date after domain reload: guid(e29aa54594c597a439ae623233906c19) path("Assets/GwentLibrary/GwentLibrary/Card.cs") state(2)
Script is not up to date after domain reload: guid(db4f727f40ed0f44b91aa272bf91d45e) path("Assets/GwentLibrary/GwentLibrary/Bait.cs") state(2)
Begin MonoManager ReloadAssembly
- Loaded All Assemblies, in  1.468 seconds
Refreshing native plugins compatible for Editor in 1.62 ms, found 3 plugins.
Native extension for WindowsStandalone target not found
Native extension for Android target not found
Package Manager log level set to [2]
[Package Manager] Server::EnsureServerProcessIsRunning -- launch failed, reason: Unity was launched with the -noUpm command-line argument
[Package Manager] UpmClient::Send -- Unable to send message (not connected to UPM process).
[Package Manager] Cannot connect to Unity Package Manager local server
Mono: successfully reloaded assembly
- Finished resetting the current domain, in  1.051 seconds
Domain Reload Profiling: 2515ms
	BeginReloadAssembly (328ms)
		ExecutionOrderSort (0ms)
		DisableScriptedObjects (14ms)
		BackupInstance (0ms)
		ReleaseScriptingObjects (0ms)
		CreateAndSetChildDomain (42ms)
	RebuildCommonClasses (82ms)
	RebuildNativeTypeToScriptingClass (23ms)
	initialDomainReloadingComplete (77ms)
	LoadAllAssembliesAndSetupDomain (952ms)
		LoadAssemblies (709ms)
		RebuildTransferFunctionScriptingTraits (0ms)
		AnalyzeDomain (440ms)
			TypeCache.Refresh (395ms)
				TypeCache.ScanAssembly (353ms)
			ScanForSourceGeneratedMonoScriptInfo (35ms)
			ResolveRequiredComponents (8ms)
	FinalizeReload (1051ms)
		ReleaseScriptCaches (0ms)
		RebuildScriptCaches (0ms)
		SetupLoadedEditorAssemblies (713ms)
			LogAssemblyErrors (0ms)
			InitializePlatformSupportModulesInManaged (36ms)
			SetLoadedEditorAssemblies (7ms)
			RefreshPlugins (0ms)
			BeforeProcessingInitializeOnLoad (90ms)
			ProcessInitializeOnLoadAttributes (527ms)
			ProcessInitializeOnLoadMethodAttributes (41ms)
			AfterProcessingInitializeOnLoad (12ms)
			EditorAssembliesLoaded (0ms)
		ExecutionOrderSort2 (0ms)
		AwakeInstancesAfterBackupRestoration (10ms)
Script is not up to date after domain reload: guid(8181ea28383904a4792b50e5c21f956b) path("Assets/GwentLibrary/GwentLibrary/Leader.cs") state(2)
Script is not up to date after domain reload: guid(27705e49008a9f045a9864ef52d33ca2) path("Assets/GwentLibrary/GwentLibrary/Player.cs") state(2)
Script is not up to date after domain reload: guid(5eba5a55991ed7646b5787d99319dc89) path("Assets/GwentLibrary/GwentLibrary/Battlefield.cs") state(2)
Script is not up to date after domain reload: guid(04cfde6d403eb684fb7ff5a8802cf79c) path("Assets/GwentLibrary/GwentLibrary/Weather.cs") state(2)
Script is not up to date after domain reload: guid(1b512f005ca95be43ab2e385a06b9870) path("Assets/GwentLibrary/GwentLibrary/Board.cs") state(2)
Script is not up to date after domain reload: guid(e42fb84b26b62de4cbc59b725fab27a1) path("Assets/GwentLibrary/GwentLibrary/Bonus.cs") state(2)
Script is not up to date after domain reload: guid(cd8930c6350d02d4fa6214a55f937e3b) path("Assets/GwentLibrary/GwentLibrary/Utils.cs") state(2)
Script is not up to date after domain reload: guid(8730ebd3b0383b64ea91098120c48ae3) path("Assets/GwentLibrary/GwentLibrary/Clear.cs") state(2)
Script is not up to date after domain reload: guid(742a14637200af142922f7f8e3aff90d) path("Assets/GwentLibrary/GwentLibrary/Unit.cs") state(2)
Script is not up to date after domain reload: guid(ae0e83a8038fd19428402b3a99451ebd) path("Assets/GwentLibrary/GwentLibrary/Effects.cs") state(2)
Script is not up to date after domain reload: guid(f0cd1a08793d1614284054dd1dd443c6) path("Assets/GwentLibrary/GwentLibrary/CardsWarehouse.cs") state(2)
Script is not up to date after domain reload: guid(e29aa54594c597a439ae623233906c19) path("Assets/GwentLibrary/GwentLibrary/Card.cs") state(2)
Script is not up to date after domain reload: guid(db4f727f40ed0f44b91aa272bf91d45e) path("Assets/GwentLibrary/GwentLibrary/Bait.cs") state(2)
Launched and connected shader compiler UnityShaderCompiler.exe after 0.13 seconds
Refreshing native plugins compatible for Editor in 3.96 ms, found 3 plugins.
Preloading 0 native plugins for Editor in 0.00 ms.
Unloading 3101 Unused Serialized files (Serialized files now loaded: 0)
Unloading 32 unused Assets / (56.8 KB). Loaded Objects now: 3567.
Memory consumption went from 132.2 MB to 132.2 MB.
Total: 11.106100 ms (FindLiveObjects: 1.535400 ms CreateObjectMapping: 0.384300 ms MarkObjects: 8.976400 ms  DeleteObjects: 0.206600 ms)

AssetImportParameters requested are different than current active one (requested -> active):
  custom:container-demuxer-ogg: 62fdf1f143b41e24485cea50d1cbac27 -> 
  custom:video-codec-MediaFoundation-h265: 746d11721c4dcdbdad8f713fa42b33f4 -> 
  custom:video-decoder-ogg-theora: a1e56fd34408186e4bbccfd4996cb3dc -> 
  custom:framework-win-MediaFoundation: 216162199b28c13a410421893ffa2e32 -> 
  custom:scripting/monoscript/fileName/Utils.cs: 40c528c300bfc0733192292a788cb076 -> 143b46074d0280ed467581bffb356ffa
  custom:CustomObjectIndexerAttribute: 43b350a4d6e6d1791af0b5038c4bea17 -> 
  custom:container-demuxer-webm: 4f35f7cbe854078d1ac9338744f61a02 -> 
  custom:scripting/monoscript/fileName/Unit.cs: e5bbf3d95f6645a88ab2a0c721f2826a -> d259fd90966f9b2967b18e3cf6d79883
  custom:container-muxer-webm: aa71ff27fc2769a1b78a27578f13a17b -> 
  custom:video-decoder-webm-vp8: 9c59270c3fd7afecdb556c50c9e8de78 -> 
  custom:SearchIndexIgnoredProperties: e643bd26f0fe6173181afceb89e7c659 -> 
  custom:AudioImporter_EditorPlatform: d09bf68614088b80899f8185d706f6e7 -> 
  custom:video-encoder-webm-vp8: eb34c28f22e8b96e1ab97ce403110664 -> 
  custom:audio-decoder-ogg-vorbis: bf7c407c2cedff20999df2af8eb42d56 -> 
  custom:audio-encoder-webm-vorbis: bf7c407c2cedff20999df2af8eb42d56 -> 
  custom:scripting/precompiled-assembly-types:Assembly-CSharp: 882d173eb5d1de160ac56acb68d8a05f -> b0c649628a5aa8f74fe344baf6165124
  custom:scripting/monoscript/fileName/Board.cs:  -> ba8915718b391d912994f699e652e346
  custom:scripting/monoscript/fileName/Battlefield.cs:  -> f2a71cf258bd498919dbce62ad1a1a40
  custom:scripting/monoscript/fileName/Effects.cs:  -> 0fc002300ea880ea531b646558e90bb3
  custom:scripting/monoscript/fileName/Weather.cs:  -> 3ad25f7b3f635a399150cd6d4fa7673c
  custom:scripting/monoscript/fileName/Bonus.cs:  -> 34bf3a615c39d78e5aeb546a0791de3a
  custom:scripting/monoscript/fileName/Clear.cs:  -> a31a9b888d7b747823996f0e43a2bc0d
  custom:scripting/monoscript/fileName/CardsWarehouse.cs:  -> 6b4d2111dfc0b7de00c008c1fe20c7c7
  custom:scripting/monoscript/fileName/Leader.cs:  -> fea7c3e7a207837a51e3c3bd3188fbd8
  custom:scripting/monoscript/fileName/Bait.cs:  -> 928d85919fbe12f42a1933a807d986e9
  custom:scripting/monoscript/fileName/Card.cs:  -> 75641bb6ca9f54838fd83307f842a507
  custom:scripting/monoscript/fileName/Player.cs:  -> 2782d40edc125a8ea248aeba45043984
========================================================================
Received Prepare
Begin MonoManager ReloadAssembly
- Loaded All Assemblies, in  0.856 seconds
Refreshing native plugins compatible for Editor in 3.83 ms, found 3 plugins.
Native extension for WindowsStandalone target not found
Native extension for Android target not found
[Package Manager] Server::EnsureServerProcessIsRunning -- launch failed, reason: Unity was launched with the -noUpm command-line argument
[Package Manager] UpmClient::Send -- Unable to send message (not connected to UPM process).
[Package Manager] Cannot connect to Unity Package Manager local server
Mono: successfully reloaded assembly
- Finished resetting the current domain, in  1.507 seconds
Domain Reload Profiling: 2358ms
	BeginReloadAssembly (286ms)
		ExecutionOrderSort (0ms)
		DisableScriptedObjects (7ms)
		BackupInstance (0ms)
		ReleaseScriptingObjects (0ms)
		CreateAndSetChildDomain (60ms)
	RebuildCommonClasses (73ms)
	RebuildNativeTypeToScriptingClass (24ms)
	initialDomainReloadingComplete (87ms)
	LoadAllAssembliesAndSetupDomain (380ms)
		LoadAssemblies (524ms)
		RebuildTransferFunctionScriptingTraits (0ms)
		AnalyzeDomain (23ms)
			TypeCache.Refresh (9ms)
				TypeCache.ScanAssembly (0ms)
			ScanForSourceGeneratedMonoScriptInfo (0ms)
			ResolveRequiredComponents (12ms)
	FinalizeReload (1509ms)
		ReleaseScriptCaches (0ms)
		RebuildScriptCaches (0ms)
		SetupLoadedEditorAssemblies (848ms)
			LogAssemblyErrors (0ms)
			InitializePlatformSupportModulesInManaged (49ms)
			SetLoadedEditorAssemblies (6ms)
			RefreshPlugins (0ms)
			BeforeProcessingInitializeOnLoad (113ms)
			ProcessInitializeOnLoadAttributes (628ms)
			ProcessInitializeOnLoadMethodAttributes (36ms)
			AfterProcessingInitializeOnLoad (15ms)
			EditorAssembliesLoaded (0ms)
		ExecutionOrderSort2 (0ms)
		AwakeInstancesAfterBackupRestoration (15ms)
Refreshing native plugins compatible for Editor in 5.95 ms, found 3 plugins.
Preloading 0 native plugins for Editor in 0.00 ms.
Unloading 3093 Unused Serialized files (Serialized files now loaded: 0)
Unloading 23 unused Assets / (31.1 KB). Loaded Objects now: 3583.
Memory consumption went from 129.4 MB to 129.4 MB.
Total: 6.067700 ms (FindLiveObjects: 0.339600 ms CreateObjectMapping: 0.246200 ms MarkObjects: 5.380000 ms  DeleteObjects: 0.099800 ms)

Prepare: number of updated asset objects reloaded= 0
AssetImportParameters requested are different than current active one (requested -> active):
  custom:container-demuxer-ogg: 62fdf1f143b41e24485cea50d1cbac27 -> 
  custom:video-codec-MediaFoundation-h265: 746d11721c4dcdbdad8f713fa42b33f4 -> 
  custom:video-decoder-ogg-theora: a1e56fd34408186e4bbccfd4996cb3dc -> 
  custom:framework-win-MediaFoundation: 216162199b28c13a410421893ffa2e32 -> 
  custom:CustomObjectIndexerAttribute: 43b350a4d6e6d1791af0b5038c4bea17 -> 
  custom:container-demuxer-webm: 4f35f7cbe854078d1ac9338744f61a02 -> 
  custom:container-muxer-webm: aa71ff27fc2769a1b78a27578f13a17b -> 
  custom:video-decoder-webm-vp8: 9c59270c3fd7afecdb556c50c9e8de78 -> 
  custom:SearchIndexIgnoredProperties: e643bd26f0fe6173181afceb89e7c659 -> 
  custom:AudioImporter_EditorPlatform: d09bf68614088b80899f8185d706f6e7 -> 
  custom:video-encoder-webm-vp8: eb34c28f22e8b96e1ab97ce403110664 -> 
  custom:audio-decoder-ogg-vorbis: bf7c407c2cedff20999df2af8eb42d56 -> 
  custom:audio-encoder-webm-vorbis: bf7c407c2cedff20999df2af8eb42d56 -> 
========================================================================
Received Import Request.
  Time since last request: 24820.316928 seconds.
  path: Assets/Cards/Almeida.png
  artifactKey: Guid(2cf9cc47af87a9e4684a6a72bbaac124) Importer(815301076,1909f56bfc062723c751e8b465ee728b)
Start importing Assets/Cards/Almeida.png using Guid(2cf9cc47af87a9e4684a6a72bbaac124) Importer(815301076,1909f56bfc062723c751e8b465ee728b)  -> (artifact id: 'df7bf3f4dc28d548f0905b7e2ee6ed90') in 0.154275 seconds
Number of updated asset objects reloaded before import = 0
Number of asset objects unloaded after import = 2
========================================================================
Received Import Request.
  Time since last request: 0.000044 seconds.
  path: Assets/Cards/Rebel deck back.png
  artifactKey: Guid(fb71ae6b881ab86408de4dfbc803bfbf) Importer(815301076,1909f56bfc062723c751e8b465ee728b)
Start importing Assets/Cards/Rebel deck back.png using Guid(fb71ae6b881ab86408de4dfbc803bfbf) Importer(815301076,1909f56bfc062723c751e8b465ee728b)  -> (artifact id: '2a2ad084e4a7efe9afab476cfaf37381') in 0.066387 seconds
Number of updated asset objects reloaded before import = 0
Number of asset objects unloaded after import = 2
========================================================================
Received Import Request.
  Time since last request: 0.000031 seconds.
  path: Assets/Cards/Batista deck back.png
  artifactKey: Guid(5d63237961f36dd44b051d6b21c2e470) Importer(815301076,1909f56bfc062723c751e8b465ee728b)
Start importing Assets/Cards/Batista deck back.png using Guid(5d63237961f36dd44b051d6b21c2e470) Importer(815301076,1909f56bfc062723c751e8b465ee728b)  -> (artifact id: 'c0620766ea8c390d025820dc5edbfe07') in 0.389206 seconds
Number of updated asset objects reloaded before import = 0
Number of asset objects unloaded after import = 2
========================================================================
Received Import Request.
  Time since last request: 0.000034 seconds.
  path: Assets/Cards/Batista back.png
  artifactKey: Guid(180eca2178f491b438998525f7e55630) Importer(815301076,1909f56bfc062723c751e8b465ee728b)
Start importing Assets/Cards/Batista back.png using Guid(180eca2178f491b438998525f7e55630) Importer(815301076,1909f56bfc062723c751e8b465ee728b)  -> (artifact id: 'e1283fa70ee0f99b04baabc07352c5b4') in 0.045511 seconds
Number of updated asset objects reloaded before import = 0
Number of asset objects unloaded after import = 2
Editor requested this worker to shutdown with reason: Scaling down because of idle timeout
TcpMessagingSession - receive error
AssetImportWorkerClient::OnTransportError - code=2 error=End of file
AssetImportWorker is now disconnected from the server
Process exiting
Exiting without the bug reporter. Application will terminate with return code 0