Using pre-set license
Built from '2022.3/staging' branch; Version is '2022.3.15f1 (b58023a2b463) revision 11894819'; Using compiler version '192829333'; Build Type 'Release'
OS: 'Windows 11  (10.0.22631) 64bit Core' Language: 'en' Physical Memory: 16095 MB
BatchMode: 1, IsHumanControllingUs: 0, StartBugReporterOnCrash: 0, Is64bit: 1, IsPro: 1

COMMAND LINE ARGUMENTS:
C:\Program Files\Unity 2022.3.15f1\Editor\Unity.exe
-adb2
-batchMode
-noUpm
-name
AssetImportWorker3
-projectPath
D:/Gwent-Pro/Gwent pro
-logFile
Logs/AssetImportWorker3.log
-srvPort
60501
Successfully changed project path to: D:/Gwent-Pro/Gwent pro
D:/Gwent-Pro/Gwent pro
[UnityMemory] Configuration Parameters - Can be set up in boot.config
    "memorysetup-bucket-allocator-granularity=16"
    "memorysetup-bucket-allocator-bucket-count=8"
    "memorysetup-bucket-allocator-block-size=33554432"
    "memorysetup-bucket-allocator-block-count=8"
    "memorysetup-main-allocator-block-size=16777216"
    "memorysetup-thread-allocator-block-size=16777216"
    "memorysetup-gfx-main-allocator-block-size=16777216"
    "memorysetup-gfx-thread-allocator-block-size=16777216"
    "memorysetup-cache-allocator-block-size=4194304"
    "memorysetup-typetree-allocator-block-size=2097152"
    "memorysetup-profiler-bucket-allocator-granularity=16"
    "memorysetup-profiler-bucket-allocator-bucket-count=8"
    "memorysetup-profiler-bucket-allocator-block-size=33554432"
    "memorysetup-profiler-bucket-allocator-block-count=8"
    "memorysetup-profiler-allocator-block-size=16777216"
    "memorysetup-profiler-editor-allocator-block-size=1048576"
    "memorysetup-temp-allocator-size-main=16777216"
    "memorysetup-job-temp-allocator-block-size=2097152"
    "memorysetup-job-temp-allocator-block-size-background=1048576"
    "memorysetup-job-temp-allocator-reduction-small-platforms=262144"
    "memorysetup-allocator-temp-initial-block-size-main=262144"
    "memorysetup-allocator-temp-initial-block-size-worker=262144"
    "memorysetup-temp-allocator-size-background-worker=32768"
    "memorysetup-temp-allocator-size-job-worker=262144"
    "memorysetup-temp-allocator-size-preload-manager=33554432"
    "memorysetup-temp-allocator-size-nav-mesh-worker=65536"
    "memorysetup-temp-allocator-size-audio-worker=65536"
    "memorysetup-temp-allocator-size-cloud-worker=32768"
    "memorysetup-temp-allocator-size-gi-baking-worker=262144"
    "memorysetup-temp-allocator-size-gfx=262144"
Player connection [18916] Host "[IP] 0.0.0.0 [Port] 0 [Flags] 2 [Guid] 1551084560 [EditorId] 1551084560 [Version] 1048832 [Id] WindowsEditor(7,Sebastian) [Debug] 1 [PackageName] WindowsEditor [ProjectName] Editor" joined multi-casting on [225.0.0.222:54997]...

Player connection [18916] Host "[IP] 0.0.0.0 [Port] 0 [Flags] 2 [Guid] 1551084560 [EditorId] 1551084560 [Version] 1048832 [Id] WindowsEditor(7,Sebastian) [Debug] 1 [PackageName] WindowsEditor [ProjectName] Editor" joined alternative multi-casting on [225.0.0.222:34997]...

[Physics::Module] Initialized MultithreadedJobDispatcher with 11 workers.
Refreshing native plugins compatible for Editor in 3.74 ms, found 3 plugins.
Preloading 0 native plugins for Editor in 0.00 ms.
Initialize engine version: 2022.3.15f1 (b58023a2b463)
[Subsystems] Discovering subsystems at path C:/Program Files/Unity 2022.3.15f1/Editor/Data/Resources/UnitySubsystems
[Subsystems] Discovering subsystems at path D:/Gwent-Pro/Gwent pro/Assets
GfxDevice: creating device client; threaded=0; jobified=0
Direct3D:
    Version:  Direct3D 11.0 [level 11.1]
    Renderer: NVIDIA GeForce MX550 (ID=0x1f9f)
    Vendor:   NVIDIA
    VRAM:     1920 MB
    Driver:   31.0.15.4626
Initialize mono
Mono path[0] = 'C:/Program Files/Unity 2022.3.15f1/Editor/Data/Managed'
Mono path[1] = 'C:/Program Files/Unity 2022.3.15f1/Editor/Data/MonoBleedingEdge/lib/mono/unityjit-win32'
Mono config path = 'C:/Program Files/Unity 2022.3.15f1/Editor/Data/MonoBleedingEdge/etc'
Using monoOptions --debugger-agent=transport=dt_socket,embedding=1,server=y,suspend=n,address=127.0.0.1:56176
Begin MonoManager ReloadAssembly
Registering precompiled unity dll's ...
Register platform support module: C:/Program Files/Unity 2022.3.15f1/Editor/Data/PlaybackEngines/AndroidPlayer/UnityEditor.Android.Extensions.dll
Register platform support module: C:/Program Files/Unity 2022.3.15f1/Editor/Data/PlaybackEngines/WindowsStandaloneSupport/UnityEditor.WindowsStandalone.Extensions.dll
Registered in 0.006844 seconds.
- Loaded All Assemblies, in  0.314 seconds
Native extension for WindowsStandalone target not found
Native extension for Android target not found
Mono: successfully reloaded assembly
- Finished resetting the current domain, in  0.244 seconds
Domain Reload Profiling: 557ms
	BeginReloadAssembly (125ms)
		ExecutionOrderSort (0ms)
		DisableScriptedObjects (0ms)
		BackupInstance (0ms)
		ReleaseScriptingObjects (0ms)
		CreateAndSetChildDomain (1ms)
	RebuildCommonClasses (24ms)
	RebuildNativeTypeToScriptingClass (7ms)
	initialDomainReloadingComplete (41ms)
	LoadAllAssembliesAndSetupDomain (116ms)
		LoadAssemblies (124ms)
		RebuildTransferFunctionScriptingTraits (0ms)
		AnalyzeDomain (114ms)
			TypeCache.Refresh (113ms)
				TypeCache.ScanAssembly (103ms)
			ScanForSourceGeneratedMonoScriptInfo (0ms)
			ResolveRequiredComponents (0ms)
	FinalizeReload (244ms)
		ReleaseScriptCaches (0ms)
		RebuildScriptCaches (0ms)
		SetupLoadedEditorAssemblies (200ms)
			LogAssemblyErrors (0ms)
			InitializePlatformSupportModulesInManaged (76ms)
			SetLoadedEditorAssemblies (3ms)
			RefreshPlugins (0ms)
			BeforeProcessingInitializeOnLoad (1ms)
			ProcessInitializeOnLoadAttributes (85ms)
			ProcessInitializeOnLoadMethodAttributes (35ms)
			AfterProcessingInitializeOnLoad (0ms)
			EditorAssembliesLoaded (0ms)
		ExecutionOrderSort2 (0ms)
		AwakeInstancesAfterBackupRestoration (0ms)
========================================================================
Worker process is ready to serve import requests
Begin MonoManager ReloadAssembly
- Loaded All Assemblies, in  0.484 seconds
Refreshing native plugins compatible for Editor in 1.28 ms, found 3 plugins.
Native extension for WindowsStandalone target not found
Native extension for Android target not found
Package Manager log level set to [2]
[Package Manager] Server::EnsureServerProcessIsRunning -- launch failed, reason: Unity was launched with the -noUpm command-line argument
[Package Manager] UpmClient::Send -- Unable to send message (not connected to UPM process).
[Package Manager] Cannot connect to Unity Package Manager local server
Mono: successfully reloaded assembly
- Finished resetting the current domain, in  0.445 seconds
Domain Reload Profiling: 928ms
	BeginReloadAssembly (106ms)
		ExecutionOrderSort (0ms)
		DisableScriptedObjects (5ms)
		BackupInstance (0ms)
		ReleaseScriptingObjects (0ms)
		CreateAndSetChildDomain (15ms)
	RebuildCommonClasses (23ms)
	RebuildNativeTypeToScriptingClass (7ms)
	initialDomainReloadingComplete (28ms)
	LoadAllAssembliesAndSetupDomain (319ms)
		LoadAssemblies (248ms)
		RebuildTransferFunctionScriptingTraits (0ms)
		AnalyzeDomain (134ms)
			TypeCache.Refresh (118ms)
				TypeCache.ScanAssembly (105ms)
			ScanForSourceGeneratedMonoScriptInfo (12ms)
			ResolveRequiredComponents (3ms)
	FinalizeReload (445ms)
		ReleaseScriptCaches (0ms)
		RebuildScriptCaches (0ms)
		SetupLoadedEditorAssemblies (321ms)
			LogAssemblyErrors (0ms)
			InitializePlatformSupportModulesInManaged (19ms)
			SetLoadedEditorAssemblies (3ms)
			RefreshPlugins (0ms)
			BeforeProcessingInitializeOnLoad (43ms)
			ProcessInitializeOnLoadAttributes (238ms)
			ProcessInitializeOnLoadMethodAttributes (15ms)
			AfterProcessingInitializeOnLoad (3ms)
			EditorAssembliesLoaded (0ms)
		ExecutionOrderSort2 (0ms)
		AwakeInstancesAfterBackupRestoration (5ms)
Launched and connected shader compiler UnityShaderCompiler.exe after 0.05 seconds
Refreshing native plugins compatible for Editor in 1.00 ms, found 3 plugins.
Preloading 0 native plugins for Editor in 0.00 ms.
Unloading 3099 Unused Serialized files (Serialized files now loaded: 0)
Unloading 32 unused Assets / (56.8 KB). Loaded Objects now: 3564.
Memory consumption went from 131.6 MB to 131.6 MB.
Total: 2.518500 ms (FindLiveObjects: 0.176000 ms CreateObjectMapping: 0.077200 ms MarkObjects: 2.173900 ms  DeleteObjects: 0.090400 ms)

AssetImportParameters requested are different than current active one (requested -> active):
  custom:container-demuxer-ogg: 62fdf1f143b41e24485cea50d1cbac27 -> 
  custom:video-codec-MediaFoundation-h265: 746d11721c4dcdbdad8f713fa42b33f4 -> 
  custom:video-decoder-ogg-theora: a1e56fd34408186e4bbccfd4996cb3dc -> 
  custom:framework-win-MediaFoundation: 216162199b28c13a410421893ffa2e32 -> 
  custom:CustomObjectIndexerAttribute: 43b350a4d6e6d1791af0b5038c4bea17 -> 
  custom:container-demuxer-webm: 4f35f7cbe854078d1ac9338744f61a02 -> 
  custom:container-muxer-webm: aa71ff27fc2769a1b78a27578f13a17b -> 
  custom:video-decoder-webm-vp8: 9c59270c3fd7afecdb556c50c9e8de78 -> 
  custom:SearchIndexIgnoredProperties: e643bd26f0fe6173181afceb89e7c659 -> 
  custom:AudioImporter_EditorPlatform: d09bf68614088b80899f8185d706f6e7 -> 
  custom:scripting/monoscript/fileName/sfxmanager.cs: 0d729225155e36831b3ff8ad8e59fc46 -> 
  custom:video-encoder-webm-vp8: eb34c28f22e8b96e1ab97ce403110664 -> 
  custom:audio-decoder-ogg-vorbis: bf7c407c2cedff20999df2af8eb42d56 -> 
  custom:audio-encoder-webm-vorbis: bf7c407c2cedff20999df2af8eb42d56 -> 
========================================================================
Received Import Request.
  Time since last request: 377448.223486 seconds.
  path: Assets/Music/Game/01 Orquesta Aragon - El Bodeguero.mp3
  artifactKey: Guid(12dcfef1212383145911f06dbe4046e6) Importer(815301076,1909f56bfc062723c751e8b465ee728b)
Start importing Assets/Music/Game/01 Orquesta Aragon - El Bodeguero.mp3 using Guid(12dcfef1212383145911f06dbe4046e6) Importer(815301076,1909f56bfc062723c751e8b465ee728b)  -> (artifact id: 'fb5e38305b6462b39f5e523f002af1b9') in 0.119005 seconds
Number of updated asset objects reloaded before import = 0
Number of asset objects unloaded after import = 2
========================================================================
Received Import Request.
  Time since last request: 0.000039 seconds.
  path: Assets/Music/Game/Tito Gomez y la Orquesta Riverside - Rumba pa los rumberos.mp3
  artifactKey: Guid(b910329265d3c024e8ca810b24a02853) Importer(815301076,1909f56bfc062723c751e8b465ee728b)
Start importing Assets/Music/Game/Tito Gomez y la Orquesta Riverside - Rumba pa los rumberos.mp3 using Guid(b910329265d3c024e8ca810b24a02853) Importer(815301076,1909f56bfc062723c751e8b465ee728b)  -> (artifact id: '55487641b00945141d2f16269bab919f') in 0.018043 seconds
Number of updated asset objects reloaded before import = 0
Number of asset objects unloaded after import = 2
========================================================================
Received Import Request.
  Time since last request: 0.000043 seconds.
  path: Assets/Music/Game/Elvis Presley - That s all right Blue moon of Kentucky (45) - 1954 (1).mp3
  artifactKey: Guid(f4d7e51965ea13f42850534774c8609e) Importer(815301076,1909f56bfc062723c751e8b465ee728b)
Start importing Assets/Music/Game/Elvis Presley - That s all right Blue moon of Kentucky (45) - 1954 (1).mp3 using Guid(f4d7e51965ea13f42850534774c8609e) Importer(815301076,1909f56bfc062723c751e8b465ee728b)  -> (artifact id: '85f4e8e353c52adae13b043efff27678') in 0.024969 seconds
Number of updated asset objects reloaded before import = 0
Number of asset objects unloaded after import = 2
========================================================================
Received Import Request.
  Time since last request: 0.000137 seconds.
  path: Assets/Music/Game/12 Wanda Jackson - Let's Have A Party.mp3
  artifactKey: Guid(c434d71e822ffd041b1e9f196b725ce4) Importer(815301076,1909f56bfc062723c751e8b465ee728b)
Start importing Assets/Music/Game/12 Wanda Jackson - Let's Have A Party.mp3 using Guid(c434d71e822ffd041b1e9f196b725ce4) Importer(815301076,1909f56bfc062723c751e8b465ee728b)  -> (artifact id: '6916ac07916fac5e46f27fd94d8108a4') in 0.026385 seconds
Number of updated asset objects reloaded before import = 0
Number of asset objects unloaded after import = 2
========================================================================
Received Import Request.
  Time since last request: 0.000211 seconds.
  path: Assets/Music/Game/Johnny Cash   I Walk the Line(MP3_160K).mp3
  artifactKey: Guid(0e7c9df221ffa2440b4f5bf32709a6dd) Importer(815301076,1909f56bfc062723c751e8b465ee728b)
Start importing Assets/Music/Game/Johnny Cash   I Walk the Line(MP3_160K).mp3 using Guid(0e7c9df221ffa2440b4f5bf32709a6dd) Importer(815301076,1909f56bfc062723c751e8b465ee728b)  -> (artifact id: 'b9c618dc8283e3f976069661a8c9a54c') in 0.022009 seconds
Number of updated asset objects reloaded before import = 0
Number of asset objects unloaded after import = 2
========================================================================
Received Import Request.
  Time since last request: 0.000026 seconds.
  path: Assets/Music/Game/Bebo Valdés - La Cadena Santiaguera.mp3
  artifactKey: Guid(f93c2f5d07c93a3448da47395e10ccdd) Importer(815301076,1909f56bfc062723c751e8b465ee728b)
Start importing Assets/Music/Game/Bebo Valdés - La Cadena Santiaguera.mp3 using Guid(f93c2f5d07c93a3448da47395e10ccdd) Importer(815301076,1909f56bfc062723c751e8b465ee728b)  -> (artifact id: '29b8d5e2166c78715f6c005e54a812d1') in 0.014265 seconds
Number of updated asset objects reloaded before import = 0
Number of asset objects unloaded after import = 2
========================================================================
Received Import Request.
  Time since last request: 0.000022 seconds.
  path: Assets/Music/Game/Rolando Laserie - Las Cuarenta.mp3
  artifactKey: Guid(0541c90111db4544695270e3b1ec6386) Importer(815301076,1909f56bfc062723c751e8b465ee728b)
Start importing Assets/Music/Game/Rolando Laserie - Las Cuarenta.mp3 using Guid(0541c90111db4544695270e3b1ec6386) Importer(815301076,1909f56bfc062723c751e8b465ee728b)  -> (artifact id: '8a458ce15e097de493a660c6669598e4') in 0.023606 seconds
Number of updated asset objects reloaded before import = 0
Number of asset objects unloaded after import = 2
========================================================================
Received Import Request.
  Time since last request: 0.000080 seconds.
  path: Assets/Music/Game/Trío Matamoros - Son de la Loma.mp3
  artifactKey: Guid(8b09801f148db5a4ab03bd40725119ac) Importer(815301076,1909f56bfc062723c751e8b465ee728b)
Start importing Assets/Music/Game/Trío Matamoros - Son de la Loma.mp3 using Guid(8b09801f148db5a4ab03bd40725119ac) Importer(815301076,1909f56bfc062723c751e8b465ee728b)  -> (artifact id: '3bb21ff0278a9211821e2706086e37f3') in 0.023569 seconds
Number of updated asset objects reloaded before import = 0
Number of asset objects unloaded after import = 2
========================================================================
Received Import Request.
  Time since last request: 0.000160 seconds.
  path: Assets/Music/Game/Cachao -- El Fantasma del Combo (Descarga)(MP3_160K).mp3
  artifactKey: Guid(3d1e36d73da98c54eb24817bdbb25a1b) Importer(815301076,1909f56bfc062723c751e8b465ee728b)
Start importing Assets/Music/Game/Cachao -- El Fantasma del Combo (Descarga)(MP3_160K).mp3 using Guid(3d1e36d73da98c54eb24817bdbb25a1b) Importer(815301076,1909f56bfc062723c751e8b465ee728b)  -> (artifact id: 'f41e340bd84fc2522a5971f5ac84c78e') in 0.020745 seconds
Number of updated asset objects reloaded before import = 0
Number of asset objects unloaded after import = 2
========================================================================
Received Import Request.
  Time since last request: 0.000031 seconds.
  path: Assets/Music/Game/Septeto Nacional De Ignacio Pineiro - Echale Salsita.mp3
  artifactKey: Guid(1c44806f75530cf4184a74499233e39f) Importer(815301076,1909f56bfc062723c751e8b465ee728b)
Start importing Assets/Music/Game/Septeto Nacional De Ignacio Pineiro - Echale Salsita.mp3 using Guid(1c44806f75530cf4184a74499233e39f) Importer(815301076,1909f56bfc062723c751e8b465ee728b)  -> (artifact id: 'b369c821c3d6c687bab59d115990c651') in 0.013292 seconds
Number of updated asset objects reloaded before import = 0
Number of asset objects unloaded after import = 2
========================================================================
Received Import Request.
  Time since last request: 0.000079 seconds.
  path: Assets/Music/Game/Bo Diddley - Bo Diddley.mp3
  artifactKey: Guid(65a5f737e24fb8a42b453f61ec39cf78) Importer(815301076,1909f56bfc062723c751e8b465ee728b)
Start importing Assets/Music/Game/Bo Diddley - Bo Diddley.mp3 using Guid(65a5f737e24fb8a42b453f61ec39cf78) Importer(815301076,1909f56bfc062723c751e8b465ee728b)  -> (artifact id: '44f7a4c052447a95d0499d0d2a5cffe3') in 0.016564 seconds
Number of updated asset objects reloaded before import = 0
Number of asset objects unloaded after import = 2
========================================================================
Received Import Request.
  Time since last request: 0.000027 seconds.
  path: Assets/Music/Game/Peruchin - Mamey Colorao.mp3
  artifactKey: Guid(5b0c2b92e84f7494cb9652afb73caf7a) Importer(815301076,1909f56bfc062723c751e8b465ee728b)
Start importing Assets/Music/Game/Peruchin - Mamey Colorao.mp3 using Guid(5b0c2b92e84f7494cb9652afb73caf7a) Importer(815301076,1909f56bfc062723c751e8b465ee728b)  -> (artifact id: '586d894a613e1516c9d697d963091f73') in 0.013685 seconds
Number of updated asset objects reloaded before import = 0
Number of asset objects unloaded after import = 2
========================================================================
Received Import Request.
  Time since last request: 0.000026 seconds.
  path: Assets/Music/Game/03 Johnny Cash - Folsom Prison Blues.mp3
  artifactKey: Guid(e2597bc358fab6343b5a3146fab5eaeb) Importer(815301076,1909f56bfc062723c751e8b465ee728b)
Start importing Assets/Music/Game/03 Johnny Cash - Folsom Prison Blues.mp3 using Guid(e2597bc358fab6343b5a3146fab5eaeb) Importer(815301076,1909f56bfc062723c751e8b465ee728b)  -> (artifact id: '5b2affd7e46add685ed3d0e31872d271') in 0.013281 seconds
Number of updated asset objects reloaded before import = 0
Number of asset objects unloaded after import = 2
========================================================================
Received Import Request.
  Time since last request: 0.000078 seconds.
  path: Assets/Music/Game/Eddy Cochran - Summertime Blues.mp3
  artifactKey: Guid(43c4538ac4896b44390c7108f8fec379) Importer(815301076,1909f56bfc062723c751e8b465ee728b)
Start importing Assets/Music/Game/Eddy Cochran - Summertime Blues.mp3 using Guid(43c4538ac4896b44390c7108f8fec379) Importer(815301076,1909f56bfc062723c751e8b465ee728b)  -> (artifact id: 'd27a56c4b3362864118f4eec9f01a8cd') in 0.013726 seconds
Number of updated asset objects reloaded before import = 0
Number of asset objects unloaded after import = 2
========================================================================
Received Import Request.
  Time since last request: 0.000136 seconds.
  path: Assets/Music/Game/Arsenio Rodriguez - Hay Fuego en el 23.mp3
  artifactKey: Guid(45b90d1f8cf64e44ba01a351de7febfc) Importer(815301076,1909f56bfc062723c751e8b465ee728b)
Start importing Assets/Music/Game/Arsenio Rodriguez - Hay Fuego en el 23.mp3 using Guid(45b90d1f8cf64e44ba01a351de7febfc) Importer(815301076,1909f56bfc062723c751e8b465ee728b)  -> (artifact id: 'c9470022d33a25ffee6ed060344b5306') in 0.014635 seconds
Number of updated asset objects reloaded before import = 0
Number of asset objects unloaded after import = 2
========================================================================
Received Import Request.
  Time since last request: 0.000022 seconds.
  path: Assets/Music/Game/Celina y Reutilio - Yo Soy el Punto Cubano.mp3
  artifactKey: Guid(f7ed4ed9f7500bd43aa2fc84f8001b62) Importer(815301076,1909f56bfc062723c751e8b465ee728b)
Start importing Assets/Music/Game/Celina y Reutilio - Yo Soy el Punto Cubano.mp3 using Guid(f7ed4ed9f7500bd43aa2fc84f8001b62) Importer(815301076,1909f56bfc062723c751e8b465ee728b)  -> (artifact id: '32f69afe147cd56bc068aafc44a6ef06') in 0.015119 seconds
Number of updated asset objects reloaded before import = 0
Number of asset objects unloaded after import = 2
Editor requested this worker to shutdown with reason: Scaling down because of idle timeout
TcpMessagingSession - receive error: operation aborted. errorcode: 995, details: The I/O operation has been aborted because of either a thread exit or an application request.
AssetImportWorker is now disconnected from the server
Process exiting
Exiting without the bug reporter. Application will terminate with return code 0